{"C:\\Users\\Komatsu\\Desktop\\as36d\\atividade5-tc\\lib\\coverageCode.js": {"path":"C:\\Users\\Komatsu\\Desktop\\as36d\\atividade5-tc\\lib\\coverageCode.js","statementMap":{"0":{"start":{"line":3,"column":28},"end":{"line":3,"column":30}},"1":{"start":{"line":4,"column":8},"end":{"line":15,"column":9}},"2":{"start":{"line":5,"column":12},"end":{"line":5,"column":34}},"3":{"start":{"line":7,"column":12},"end":{"line":9,"column":13}},"4":{"start":{"line":8,"column":16},"end":{"line":8,"column":49}},"5":{"start":{"line":10,"column":33},"end":{"line":10,"column":35}},"6":{"start":{"line":11,"column":12},"end":{"line":13,"column":14}},"7":{"start":{"line":12,"column":16},"end":{"line":12,"column":45}},"8":{"start":{"line":14,"column":12},"end":{"line":14,"column":34}},"9":{"start":{"line":19,"column":8},"end":{"line":21,"column":11}},"10":{"start":{"line":20,"column":12},"end":{"line":20,"column":67}},"11":{"start":{"line":20,"column":45},"end":{"line":20,"column":67}},"12":{"start":{"line":22,"column":29},"end":{"line":30,"column":10}},"13":{"start":{"line":23,"column":12},"end":{"line":25,"column":13}},"14":{"start":{"line":24,"column":16},"end":{"line":24,"column":26}},"15":{"start":{"line":26,"column":12},"end":{"line":28,"column":13}},"16":{"start":{"line":27,"column":16},"end":{"line":27,"column":25}},"17":{"start":{"line":29,"column":12},"end":{"line":29,"column":21}},"18":{"start":{"line":32,"column":8},"end":{"line":32,"column":28}},"19":{"start":{"line":36,"column":0},"end":{"line":36,"column":30}}},"fnMap":{"0":{"name":"(anonymous_0)","decl":{"start":{"line":2,"column":4},"end":{"line":2,"column":5}},"loc":{"start":{"line":2,"column":28},"end":{"line":16,"column":5}},"line":2},"1":{"name":"(anonymous_1)","decl":{"start":{"line":11,"column":34},"end":{"line":11,"column":35}},"loc":{"start":{"line":11,"column":45},"end":{"line":13,"column":13}},"line":11},"2":{"name":"(anonymous_2)","decl":{"start":{"line":18,"column":4},"end":{"line":18,"column":5}},"loc":{"start":{"line":18,"column":31},"end":{"line":33,"column":5}},"line":18},"3":{"name":"(anonymous_3)","decl":{"start":{"line":19,"column":20},"end":{"line":19,"column":21}},"loc":{"start":{"line":19,"column":31},"end":{"line":21,"column":9}},"line":19},"4":{"name":"(anonymous_4)","decl":{"start":{"line":22,"column":38},"end":{"line":22,"column":39}},"loc":{"start":{"line":22,"column":48},"end":{"line":30,"column":9}},"line":22}},"branchMap":{"0":{"loc":{"start":{"line":4,"column":8},"end":{"line":15,"column":9}},"type":"if","locations":[{"start":{"line":4,"column":8},"end":{"line":15,"column":9}},{"start":{"line":4,"column":8},"end":{"line":15,"column":9}}],"line":4},"1":{"loc":{"start":{"line":4,"column":12},"end":{"line":4,"column":36}},"type":"binary-expr","locations":[{"start":{"line":4,"column":12},"end":{"line":4,"column":16}},{"start":{"line":4,"column":20},"end":{"line":4,"column":36}}],"line":4},"2":{"loc":{"start":{"line":20,"column":12},"end":{"line":20,"column":67}},"type":"if","locations":[{"start":{"line":20,"column":12},"end":{"line":20,"column":67}},{"start":{"line":20,"column":12},"end":{"line":20,"column":67}}],"line":20},"3":{"loc":{"start":{"line":23,"column":12},"end":{"line":25,"column":13}},"type":"if","locations":[{"start":{"line":23,"column":12},"end":{"line":25,"column":13}},{"start":{"line":23,"column":12},"end":{"line":25,"column":13}}],"line":23},"4":{"loc":{"start":{"line":26,"column":12},"end":{"line":28,"column":13}},"type":"if","locations":[{"start":{"line":26,"column":12},"end":{"line":28,"column":13}},{"start":{"line":26,"column":12},"end":{"line":28,"column":13}}],"line":26}},"s":{"0":3,"1":3,"2":1,"3":2,"4":6,"5":2,"6":2,"7":6,"8":2,"9":4,"10":11,"11":1,"12":3,"13":9,"14":3,"15":6,"16":5,"17":1,"18":3,"19":1},"f":{"0":3,"1":6,"2":4,"3":11,"4":9},"b":{"0":[1,2],"1":[3,3],"2":[1,10],"3":[3,6],"4":[5,1]},"_coverageSchema":"1a1c01bbd47fc00a2c39e90264f33305004495a9","hash":"a62ea945351f48777ae2e3c8c9718d90e81ff38c"}
}
