TN:
SF:lib\coverageCode.js
FN:2,(anonymous_0)
FN:11,(anonymous_1)
FN:18,(anonymous_2)
FN:19,(anonymous_3)
FN:22,(anonymous_4)
FNF:5
FNH:5
FNDA:3,(anonymous_0)
FNDA:6,(anonymous_1)
FNDA:4,(anonymous_2)
FNDA:11,(anonymous_3)
FNDA:9,(anonymous_4)
DA:3,3
DA:4,3
DA:5,1
DA:7,2
DA:8,6
DA:10,2
DA:11,2
DA:12,6
DA:14,2
DA:19,4
DA:20,11
DA:22,3
DA:23,9
DA:24,3
DA:26,6
DA:27,5
DA:29,1
DA:32,3
DA:36,1
LF:19
LH:19
BRDA:4,0,0,1
BRDA:4,0,1,2
BRDA:4,1,0,3
BRDA:4,1,1,3
BRDA:20,2,0,1
BRDA:20,2,1,10
BRDA:23,3,0,3
BRDA:23,3,1,6
BRDA:26,4,0,5
BRDA:26,4,1,1
BRF:10
BRH:10
end_of_record
